{"/Users/lee/Projects/v-element/packages/components/Button/Button.vue": {"path":"/Users/lee/Projects/v-element/packages/components/Button/Button.vue","statementMap":{"0":{"start":{"line":62,"column":23},"end":{"line":62,"column":null}},"1":{"start":{"line":64,"column":18},"end":{"line":66,"column":null}},"2":{"start":{"line":64,"column":34},"end":{"line":66,"column":2}},"3":{"start":{"line":68,"column":14},"end":{"line":68,"column":null}},"4":{"start":{"line":75,"column":14},"end":{"line":75,"column":null}},"5":{"start":{"line":76,"column":14},"end":{"line":76,"column":null}},"6":{"start":{"line":78,"column":13},"end":{"line":78,"column":null}},"7":{"start":{"line":80,"column":13},"end":{"line":80,"column":null}},"8":{"start":{"line":80,"column":28},"end":{"line":80,"column":68}},"9":{"start":{"line":81,"column":13},"end":{"line":81,"column":null}},"10":{"start":{"line":81,"column":28},"end":{"line":81,"column":68}},"11":{"start":{"line":83,"column":17},"end":{"line":83,"column":null}},"12":{"start":{"line":83,"column":32},"end":{"line":83,"column":83}},"13":{"start":{"line":84,"column":23},"end":{"line":86,"column":null}},"14":{"start":{"line":85,"column":4},"end":{"line":85,"column":null}},"15":{"start":{"line":87,"column":30},"end":{"line":87,"column":null}},"16":{"start":{"line":89,"column":0},"end":{"line":94,"column":null}},"17":{"start":{"line":18,"column":34},"end":{"line":18,"column":null}},"18":{"start":{"line":24,"column":19},"end":{"line":28,"column":null}}},"fnMap":{"0":{"name":"(anonymous_1)","decl":{"start":{"line":64,"column":27},"end":{"line":64,"column":34}},"loc":{"start":{"line":64,"column":34},"end":{"line":66,"column":2}}},"1":{"name":"(anonymous_2)","decl":{"start":{"line":80,"column":22},"end":{"line":80,"column":28}},"loc":{"start":{"line":80,"column":28},"end":{"line":80,"column":68}}},"2":{"name":"(anonymous_3)","decl":{"start":{"line":81,"column":22},"end":{"line":81,"column":28}},"loc":{"start":{"line":81,"column":28},"end":{"line":81,"column":68}}},"3":{"name":"(anonymous_4)","decl":{"start":{"line":83,"column":26},"end":{"line":83,"column":32}},"loc":{"start":{"line":83,"column":32},"end":{"line":83,"column":83}}},"4":{"name":"(anonymous_5)","decl":{"start":{"line":84,"column":23},"end":{"line":84,"column":24}},"loc":{"start":{"line":84,"column":42},"end":{"line":86,"column":null}}},"5":{"name":"(anonymous_7)","decl":{"start":{"line":18,"column":14},"end":{"line":18,"column":17}},"loc":{"start":{"line":18,"column":34},"end":{"line":18,"column":null}}},"6":{"name":"(anonymous_8)","decl":{"start":{"line":20,"column":8},"end":{"line":20,"column":24}},"loc":{"start":{"line":24,"column":19},"end":{"line":28,"column":null}}}},"branchMap":{"0":{"loc":{"start":{"line":65,"column":17},"end":{"line":65,"column":null}},"type":"cond-expr","locations":[{"start":{"line":65,"column":33},"end":{"line":65,"column":41}},{"start":{"line":65,"column":41},"end":{"line":65,"column":null}}]},"1":{"loc":{"start":{"line":80,"column":28},"end":{"line":80,"column":68}},"type":"binary-expr","locations":[{"start":{"line":80,"column":28},"end":{"line":80,"column":52}},{"start":{"line":80,"column":52},"end":{"line":80,"column":66}},{"start":{"line":80,"column":66},"end":{"line":80,"column":68}}]},"2":{"loc":{"start":{"line":81,"column":28},"end":{"line":81,"column":68}},"type":"binary-expr","locations":[{"start":{"line":81,"column":28},"end":{"line":81,"column":52}},{"start":{"line":81,"column":52},"end":{"line":81,"column":66}},{"start":{"line":81,"column":66},"end":{"line":81,"column":68}}]},"3":{"loc":{"start":{"line":83,"column":32},"end":{"line":83,"column":83}},"type":"binary-expr","locations":[{"start":{"line":83,"column":32},"end":{"line":83,"column":50}},{"start":{"line":83,"column":50},"end":{"line":83,"column":78}},{"start":{"line":83,"column":78},"end":{"line":83,"column":83}}]},"4":{"loc":{"start":{"line":6,"column":15},"end":{"line":6,"column":null}},"type":"cond-expr","locations":[{"start":{"line":6,"column":34},"end":{"line":6,"column":53}},{"start":{"line":6,"column":53},"end":{"line":6,"column":null}}]},"5":{"loc":{"start":{"line":17,"column":19},"end":{"line":17,"column":null}},"type":"cond-expr","locations":[{"start":{"line":17,"column":38},"end":{"line":17,"column":null}},{"start":{"line":17,"column":38},"end":{"line":17,"column":null}}]},"6":{"loc":{"start":{"line":17,"column":19},"end":{"line":17,"column":38}},"type":"binary-expr","locations":[{"start":{"line":17,"column":19},"end":{"line":17,"column":31}},{"start":{"line":17,"column":31},"end":{"line":17,"column":38}}]},"7":{"loc":{"start":{"line":18,"column":14},"end":{"line":18,"column":null}},"type":"binary-expr","locations":[{"start":{"line":18,"column":14},"end":{"line":18,"column":17}},{"start":{"line":18,"column":14},"end":{"line":18,"column":null}}]},"8":{"loc":{"start":{"line":18,"column":34},"end":{"line":18,"column":null}},"type":"cond-expr","locations":[{"start":{"line":18,"column":48},"end":{"line":18,"column":75}},{"start":{"line":18,"column":75},"end":{"line":18,"column":null}}]},"9":{"loc":{"start":{"line":22,"column":52},"end":{"line":22,"column":79}},"type":"binary-expr","locations":[{"start":{"line":22,"column":52},"end":{"line":22,"column":63}},{"start":{"line":22,"column":63},"end":{"line":22,"column":79}}]},"10":{"loc":{"start":{"line":25,"column":8},"end":{"line":26,"column":65}},"type":"cond-expr","locations":[{"start":{"line":26,"column":76},"end":{"line":26,"column":65}},{"start":{"line":26,"column":56},"end":{"line":26,"column":65}}]},"11":{"loc":{"start":{"line":25,"column":8},"end":{"line":26,"column":91}},"type":"binary-expr","locations":[{"start":{"line":25,"column":8},"end":{"line":26,"column":76}},{"start":{"line":26,"column":76},"end":{"line":26,"column":91}}]}},"s":{"0":24,"1":24,"2":6,"3":24,"4":24,"5":24,"6":24,"7":24,"8":24,"9":24,"10":24,"11":24,"12":24,"13":24,"14":6,"15":24,"16":24,"17":7,"18":24},"f":{"0":6,"1":24,"2":24,"3":24,"4":6,"5":7,"6":24},"b":{"0":[4,2],"1":[24,22,18],"2":[24,22,13],"3":[24,22,22],"4":[23,1],"5":[4,20],"6":[24,22],"7":[24,24],"8":[3,4],"9":[3,3],"10":[3,21],"11":[24,21]}}
,"/Users/lee/Projects/v-element/packages/components/Button/ButtonGroup.vue": {"path":"/Users/lee/Projects/v-element/packages/components/Button/ButtonGroup.vue","statementMap":{"0":{"start":{"line":31,"column":14},"end":{"line":31,"column":null}},"1":{"start":{"line":33,"column":0},"end":{"line":40,"column":null}},"2":{"start":{"line":48,"column":9},"end":{"line":48,"column":null}}},"fnMap":{},"branchMap":{},"s":{"0":2,"1":2,"2":1},"f":{},"b":{}}
,"/Users/lee/Projects/v-element/packages/components/Button/constant.ts": {"path":"/Users/lee/Projects/v-element/packages/components/Button/constant.ts","statementMap":{"0":{"start":{"line":5,"column":2},"end":{"line":5,"column":null}}},"fnMap":{},"branchMap":{},"s":{"0":2},"f":{},"b":{}}
,"/Users/lee/Projects/v-element/packages/components/Icon/Icon.vue": {"path":"/Users/lee/Projects/v-element/packages/components/Icon/Icon.vue","statementMap":{"0":{"start":{"line":29,"column":14},"end":{"line":29,"column":null}},"1":{"start":{"line":31,"column":20},"end":{"line":31,"column":null}},"2":{"start":{"line":31,"column":35},"end":{"line":31,"column":64}},"3":{"start":{"line":32,"column":20},"end":{"line":32,"column":null}},"4":{"start":{"line":32,"column":36},"end":{"line":32,"column":72}}},"fnMap":{"0":{"name":"(anonymous_1)","decl":{"start":{"line":31,"column":29},"end":{"line":31,"column":35}},"loc":{"start":{"line":31,"column":35},"end":{"line":31,"column":64}}},"1":{"name":"(anonymous_2)","decl":{"start":{"line":32,"column":29},"end":{"line":32,"column":36}},"loc":{"start":{"line":32,"column":36},"end":{"line":32,"column":72}}}},"branchMap":{"0":{"loc":{"start":{"line":32,"column":45},"end":{"line":32,"column":70}},"type":"binary-expr","locations":[{"start":{"line":32,"column":45},"end":{"line":32,"column":60}},{"start":{"line":32,"column":60},"end":{"line":32,"column":70}}]}},"s":{"0":6,"1":6,"2":6,"3":6,"4":6},"f":{"0":6,"1":6},"b":{"0":[6,6]}}
}
