{"/Users/lee/Projects/v-element/packages/components/Alert/Alert.vue": {"path":"/Users/lee/Projects/v-element/packages/components/Alert/Alert.vue","statementMap":{"0":{"start":{"line":15,"column":0},"end":{"line":18,"column":null}},"1":{"start":{"line":19,"column":14},"end":{"line":19,"column":null}},"2":{"start":{"line":24,"column":14},"end":{"line":24,"column":null}},"3":{"start":{"line":25,"column":14},"end":{"line":25,"column":null}},"4":{"start":{"line":26,"column":16},"end":{"line":26,"column":null}},"5":{"start":{"line":27,"column":17},"end":{"line":27,"column":null}},"6":{"start":{"line":27,"column":32},"end":{"line":27,"column":76}},"7":{"start":{"line":28,"column":24},"end":{"line":28,"column":null}},"8":{"start":{"line":28,"column":39},"end":{"line":28,"column":77}},"9":{"start":{"line":30,"column":4},"end":{"line":30,"column":null}},"10":{"start":{"line":31,"column":4},"end":{"line":31,"column":null}},"11":{"start":{"line":35,"column":4},"end":{"line":35,"column":null}},"12":{"start":{"line":36,"column":4},"end":{"line":36,"column":null}},"13":{"start":{"line":52,"column":13},"end":{"line":52,"column":null}},"14":{"start":{"line":59,"column":15},"end":{"line":59,"column":null}},"15":{"start":{"line":40,"column":4},"end":{"line":42,"column":null}},"16":{"start":{"line":57,"column":54},"end":{"line":null,"column":-1}},"17":{"start":{"line":60,"column":46},"end":{"line":null,"column":-1}}},"fnMap":{"0":{"name":"(anonymous_1)","decl":{"start":{"line":27,"column":26},"end":{"line":27,"column":32}},"loc":{"start":{"line":27,"column":32},"end":{"line":27,"column":76}}},"1":{"name":"(anonymous_2)","decl":{"start":{"line":28,"column":33},"end":{"line":28,"column":39}},"loc":{"start":{"line":28,"column":39},"end":{"line":28,"column":77}}},"2":{"name":"close","decl":{"start":{"line":29,"column":9},"end":{"line":29,"column":17}},"loc":{"start":{"line":29,"column":17},"end":{"line":32,"column":null}}},"3":{"name":"open","decl":{"start":{"line":34,"column":9},"end":{"line":34,"column":16}},"loc":{"start":{"line":34,"column":16},"end":{"line":37,"column":null}}},"4":{"name":"(anonymous_6)","decl":{"start":{"line":57,"column":16},"end":{"line":57,"column":39}},"loc":{"start":{"line":57,"column":54},"end":{"line":null,"column":-1}}},"5":{"name":"(anonymous_7)","decl":{"start":{"line":60,"column":16},"end":{"line":60,"column":25}},"loc":{"start":{"line":60,"column":46},"end":{"line":null,"column":-1}}}},"branchMap":{"0":{"loc":{"start":{"line":27,"column":32},"end":{"line":27,"column":76}},"type":"binary-expr","locations":[{"start":{"line":27,"column":32},"end":{"line":27,"column":63}},{"start":{"line":27,"column":63},"end":{"line":27,"column":76}}]},"1":{"loc":{"start":{"line":28,"column":39},"end":{"line":28,"column":77}},"type":"binary-expr","locations":[{"start":{"line":28,"column":39},"end":{"line":28,"column":60}},{"start":{"line":28,"column":60},"end":{"line":28,"column":77}}]},"2":{"loc":{"start":{"line":50,"column":14},"end":{"line":49,"column":null}},"type":"cond-expr","locations":[{"start":{"line":50,"column":14},"end":{"line":49,"column":null}},{"start":{"line":49,"column":86},"end":{"line":49,"column":null}}]}},"s":{"0":13,"1":13,"2":13,"3":13,"4":13,"5":13,"6":2,"7":13,"8":13,"9":2,"10":2,"11":1,"12":1,"13":1,"14":1,"15":17,"16":16,"17":16},"f":{"0":2,"1":13,"2":2,"3":1,"4":16,"5":16},"b":{"0":[2,1],"1":[13,12],"2":[2,15]}}
,"/Users/lee/Projects/v-element/packages/components/Alert/typeIconMap.ts": {"path":"/Users/lee/Projects/v-element/packages/components/Alert/typeIconMap.ts","statementMap":{"0":{"start":{"line":1,"column":27},"end":{"line":7,"column":null}}},"fnMap":{},"branchMap":{},"s":{"0":1},"f":{},"b":{}}
,"/Users/lee/Projects/v-element/packages/components/Button/Button.vue": {"path":"/Users/lee/Projects/v-element/packages/components/Button/Button.vue","statementMap":{"0":{"start":{"line":62,"column":23},"end":{"line":62,"column":null}},"1":{"start":{"line":64,"column":18},"end":{"line":66,"column":null}},"2":{"start":{"line":64,"column":34},"end":{"line":66,"column":2}},"3":{"start":{"line":68,"column":14},"end":{"line":68,"column":null}},"4":{"start":{"line":75,"column":14},"end":{"line":75,"column":null}},"5":{"start":{"line":76,"column":14},"end":{"line":76,"column":null}},"6":{"start":{"line":77,"column":0},"end":{"line":77,"column":null}},"7":{"start":{"line":78,"column":13},"end":{"line":78,"column":null}},"8":{"start":{"line":80,"column":13},"end":{"line":80,"column":null}},"9":{"start":{"line":80,"column":28},"end":{"line":80,"column":68}},"10":{"start":{"line":81,"column":13},"end":{"line":81,"column":null}},"11":{"start":{"line":81,"column":28},"end":{"line":81,"column":68}},"12":{"start":{"line":83,"column":17},"end":{"line":83,"column":null}},"13":{"start":{"line":83,"column":32},"end":{"line":83,"column":83}},"14":{"start":{"line":84,"column":23},"end":{"line":86,"column":null}},"15":{"start":{"line":85,"column":4},"end":{"line":85,"column":null}},"16":{"start":{"line":87,"column":30},"end":{"line":87,"column":null}},"17":{"start":{"line":89,"column":0},"end":{"line":94,"column":null}},"18":{"start":{"line":18,"column":34},"end":{"line":18,"column":null}},"19":{"start":{"line":24,"column":19},"end":{"line":28,"column":null}}},"fnMap":{"0":{"name":"(anonymous_1)","decl":{"start":{"line":64,"column":27},"end":{"line":64,"column":34}},"loc":{"start":{"line":64,"column":34},"end":{"line":66,"column":2}}},"1":{"name":"(anonymous_2)","decl":{"start":{"line":80,"column":22},"end":{"line":80,"column":28}},"loc":{"start":{"line":80,"column":28},"end":{"line":80,"column":68}}},"2":{"name":"(anonymous_3)","decl":{"start":{"line":81,"column":22},"end":{"line":81,"column":28}},"loc":{"start":{"line":81,"column":28},"end":{"line":81,"column":68}}},"3":{"name":"(anonymous_4)","decl":{"start":{"line":83,"column":26},"end":{"line":83,"column":32}},"loc":{"start":{"line":83,"column":32},"end":{"line":83,"column":83}}},"4":{"name":"(anonymous_5)","decl":{"start":{"line":84,"column":23},"end":{"line":84,"column":24}},"loc":{"start":{"line":84,"column":42},"end":{"line":86,"column":null}}},"5":{"name":"(anonymous_7)","decl":{"start":{"line":18,"column":14},"end":{"line":18,"column":17}},"loc":{"start":{"line":18,"column":34},"end":{"line":18,"column":null}}},"6":{"name":"(anonymous_8)","decl":{"start":{"line":20,"column":8},"end":{"line":20,"column":24}},"loc":{"start":{"line":24,"column":19},"end":{"line":28,"column":null}}}},"branchMap":{"0":{"loc":{"start":{"line":65,"column":17},"end":{"line":65,"column":null}},"type":"cond-expr","locations":[{"start":{"line":65,"column":33},"end":{"line":65,"column":41}},{"start":{"line":65,"column":41},"end":{"line":65,"column":null}}]},"1":{"loc":{"start":{"line":80,"column":28},"end":{"line":80,"column":68}},"type":"binary-expr","locations":[{"start":{"line":80,"column":28},"end":{"line":80,"column":52}},{"start":{"line":80,"column":52},"end":{"line":80,"column":66}},{"start":{"line":80,"column":66},"end":{"line":80,"column":68}}]},"2":{"loc":{"start":{"line":81,"column":28},"end":{"line":81,"column":68}},"type":"binary-expr","locations":[{"start":{"line":81,"column":28},"end":{"line":81,"column":52}},{"start":{"line":81,"column":52},"end":{"line":81,"column":66}},{"start":{"line":81,"column":66},"end":{"line":81,"column":68}}]},"3":{"loc":{"start":{"line":83,"column":32},"end":{"line":83,"column":83}},"type":"binary-expr","locations":[{"start":{"line":83,"column":32},"end":{"line":83,"column":50}},{"start":{"line":83,"column":50},"end":{"line":83,"column":78}},{"start":{"line":83,"column":78},"end":{"line":83,"column":83}}]},"4":{"loc":{"start":{"line":6,"column":15},"end":{"line":6,"column":null}},"type":"cond-expr","locations":[{"start":{"line":6,"column":34},"end":{"line":6,"column":53}},{"start":{"line":6,"column":53},"end":{"line":6,"column":null}}]},"5":{"loc":{"start":{"line":17,"column":19},"end":{"line":17,"column":null}},"type":"cond-expr","locations":[{"start":{"line":17,"column":38},"end":{"line":17,"column":null}},{"start":{"line":17,"column":38},"end":{"line":17,"column":null}}]},"6":{"loc":{"start":{"line":17,"column":19},"end":{"line":17,"column":38}},"type":"binary-expr","locations":[{"start":{"line":17,"column":19},"end":{"line":17,"column":31}},{"start":{"line":17,"column":31},"end":{"line":17,"column":38}}]},"7":{"loc":{"start":{"line":18,"column":14},"end":{"line":18,"column":null}},"type":"binary-expr","locations":[{"start":{"line":18,"column":14},"end":{"line":18,"column":17}},{"start":{"line":18,"column":14},"end":{"line":18,"column":null}}]},"8":{"loc":{"start":{"line":18,"column":34},"end":{"line":18,"column":null}},"type":"cond-expr","locations":[{"start":{"line":18,"column":48},"end":{"line":18,"column":75}},{"start":{"line":18,"column":75},"end":{"line":18,"column":null}}]},"9":{"loc":{"start":{"line":22,"column":52},"end":{"line":22,"column":79}},"type":"binary-expr","locations":[{"start":{"line":22,"column":52},"end":{"line":22,"column":63}},{"start":{"line":22,"column":63},"end":{"line":22,"column":79}}]},"10":{"loc":{"start":{"line":25,"column":8},"end":{"line":26,"column":65}},"type":"cond-expr","locations":[{"start":{"line":26,"column":76},"end":{"line":26,"column":65}},{"start":{"line":26,"column":56},"end":{"line":26,"column":65}}]},"11":{"loc":{"start":{"line":25,"column":8},"end":{"line":26,"column":91}},"type":"binary-expr","locations":[{"start":{"line":25,"column":8},"end":{"line":26,"column":76}},{"start":{"line":26,"column":76},"end":{"line":26,"column":91}}]}},"s":{"0":24,"1":24,"2":6,"3":24,"4":24,"5":24,"6":24,"7":24,"8":24,"9":24,"10":24,"11":24,"12":24,"13":24,"14":24,"15":6,"16":24,"17":24,"18":7,"19":24},"f":{"0":6,"1":24,"2":24,"3":24,"4":6,"5":7,"6":24},"b":{"0":[4,2],"1":[24,22,18],"2":[24,22,13],"3":[24,22,22],"4":[23,1],"5":[4,20],"6":[24,22],"7":[24,24],"8":[3,4],"9":[3,3],"10":[3,21],"11":[24,21]}}
,"/Users/lee/Projects/v-element/packages/components/Button/ButtonGroup.vue": {"path":"/Users/lee/Projects/v-element/packages/components/Button/ButtonGroup.vue","statementMap":{"0":{"start":{"line":31,"column":14},"end":{"line":31,"column":null}},"1":{"start":{"line":33,"column":0},"end":{"line":40,"column":null}},"2":{"start":{"line":48,"column":9},"end":{"line":48,"column":null}}},"fnMap":{},"branchMap":{},"s":{"0":2,"1":2,"2":1},"f":{},"b":{}}
,"/Users/lee/Projects/v-element/packages/components/Button/constant.ts": {"path":"/Users/lee/Projects/v-element/packages/components/Button/constant.ts","statementMap":{"0":{"start":{"line":5,"column":2},"end":{"line":5,"column":null}}},"fnMap":{},"branchMap":{},"s":{"0":2},"f":{},"b":{}}
,"/Users/lee/Projects/v-element/packages/components/Collapse/Collapse.vue": {"path":"/Users/lee/Projects/v-element/packages/components/Collapse/Collapse.vue","statementMap":{"0":{"start":{"line":10,"column":23},"end":{"line":10,"column":null}},"1":{"start":{"line":14,"column":14},"end":{"line":14,"column":null}},"2":{"start":{"line":15,"column":14},"end":{"line":15,"column":null}},"3":{"start":{"line":16,"column":20},"end":{"line":16,"column":null}},"4":{"start":{"line":19,"column":23},"end":{"line":19,"column":null}},"5":{"start":{"line":21,"column":4},"end":{"line":34,"column":null}},"6":{"start":{"line":22,"column":8},"end":{"line":22,"column":null}},"7":{"start":{"line":23,"column":8},"end":{"line":23,"column":null}},"8":{"start":{"line":26,"column":22},"end":{"line":26,"column":null}},"9":{"start":{"line":28,"column":8},"end":{"line":32,"column":null}},"10":{"start":{"line":29,"column":12},"end":{"line":29,"column":null}},"11":{"start":{"line":31,"column":12},"end":{"line":31,"column":null}},"12":{"start":{"line":33,"column":8},"end":{"line":33,"column":null}},"13":{"start":{"line":38,"column":4},"end":{"line":38,"column":null}},"14":{"start":{"line":39,"column":4},"end":{"line":41,"column":null}},"15":{"start":{"line":40,"column":8},"end":{"line":40,"column":null}},"16":{"start":{"line":44,"column":0},"end":{"line":48,"column":null}},"17":{"start":{"line":46,"column":10},"end":{"line":46,"column":null}},"18":{"start":{"line":47,"column":32},"end":{"line":47,"column":null}},"19":{"start":{"line":51,"column":0},"end":{"line":54,"column":null}},"20":{"start":{"line":67,"column":9},"end":{"line":67,"column":null}},"21":{"start":{"line":67,"column":4},"end":{"line":68,"column":null}}},"fnMap":{"0":{"name":"handleItemClick","decl":{"start":{"line":18,"column":9},"end":{"line":18,"column":25}},"loc":{"start":{"line":18,"column":49},"end":{"line":35,"column":null}}},"1":{"name":"updateActiveNames","decl":{"start":{"line":37,"column":9},"end":{"line":37,"column":27}},"loc":{"start":{"line":37,"column":52},"end":{"line":42,"column":null}}},"2":{"name":"(anonymous_3)","decl":{"start":{"line":39,"column":43},"end":{"line":39,"column":52}},"loc":{"start":{"line":39,"column":52},"end":{"line":41,"column":5}}},"3":{"name":"(anonymous_4)","decl":{"start":{"line":46,"column":4},"end":{"line":46,"column":10}},"loc":{"start":{"line":46,"column":10},"end":{"line":46,"column":null}}},"4":{"name":"(anonymous_5)","decl":{"start":{"line":47,"column":4},"end":{"line":47,"column":5}},"loc":{"start":{"line":47,"column":32},"end":{"line":47,"column":null}}}},"branchMap":{"0":{"loc":{"start":{"line":21,"column":4},"end":{"line":34,"column":null}},"type":"if","locations":[{"start":{"line":21,"column":4},"end":{"line":34,"column":null}},{"start":{"line":24,"column":10},"end":{"line":34,"column":null}}]},"1":{"loc":{"start":{"line":22,"column":23},"end":{"line":22,"column":null}},"type":"cond-expr","locations":[{"start":{"line":22,"column":53},"end":{"line":22,"column":58}},{"start":{"line":22,"column":58},"end":{"line":22,"column":null}}]},"2":{"loc":{"start":{"line":28,"column":8},"end":{"line":32,"column":null}},"type":"if","locations":[{"start":{"line":28,"column":8},"end":{"line":32,"column":null}},{"start":{"line":30,"column":15},"end":{"line":32,"column":null}}]}},"s":{"0":1,"1":7,"2":7,"3":7,"4":6,"5":6,"6":2,"7":2,"8":4,"9":4,"10":1,"11":3,"12":4,"13":7,"14":7,"15":14,"16":7,"17":8,"18":1,"19":7,"20":1,"21":8},"f":{"0":6,"1":7,"2":14,"3":8,"4":1},"b":{"0":[2,4],"1":[1,1],"2":[1,3]}}
,"/Users/lee/Projects/v-element/packages/components/Collapse/CollapseItem.vue": {"path":"/Users/lee/Projects/v-element/packages/components/Collapse/CollapseItem.vue","statementMap":{"0":{"start":{"line":25,"column":14},"end":{"line":25,"column":null}},"1":{"start":{"line":27,"column":12},"end":{"line":27,"column":null}},"2":{"start":{"line":28,"column":17},"end":{"line":28,"column":null}},"3":{"start":{"line":28,"column":32},"end":{"line":28,"column":76}},"4":{"start":{"line":31,"column":4},"end":{"line":31,"column":null}},"5":{"start":{"line":31,"column":23},"end":{"line":31,"column":null}},"6":{"start":{"line":32,"column":4},"end":{"line":32,"column":null}},"7":{"start":{"line":52,"column":18},"end":{"line":52,"column":null}},"8":{"start":{"line":60,"column":17},"end":{"line":60,"column":57}},"9":{"start":{"line":55,"column":23},"end":{"line":54,"column":null}}},"fnMap":{"0":{"name":"(anonymous_1)","decl":{"start":{"line":28,"column":26},"end":{"line":28,"column":32}},"loc":{"start":{"line":28,"column":32},"end":{"line":28,"column":76}}},"1":{"name":"handleClick","decl":{"start":{"line":30,"column":9},"end":{"line":30,"column":23}},"loc":{"start":{"line":30,"column":23},"end":{"line":33,"column":null}}},"2":{"name":"(anonymous_5)","decl":{"start":{"line":53,"column":16},"end":{"line":53,"column":null}},"loc":{"start":{"line":55,"column":23},"end":{"line":54,"column":null}}}},"branchMap":{"0":{"loc":{"start":{"line":31,"column":4},"end":{"line":31,"column":null}},"type":"if","locations":[{"start":{"line":31,"column":4},"end":{"line":31,"column":null}},{"start":{"line":31,"column":4},"end":{"line":31,"column":null}}]}},"s":{"0":12,"1":12,"2":12,"3":25,"4":7,"5":1,"6":6,"7":1,"8":1,"9":20},"f":{"0":25,"1":7,"2":20},"b":{"0":[1,6]}}
,"/Users/lee/Projects/v-element/packages/components/Collapse/constant.ts": {"path":"/Users/lee/Projects/v-element/packages/components/Collapse/constant.ts","statementMap":{"0":{"start":{"line":4,"column":62},"end":{"line":4,"column":null}}},"fnMap":{},"branchMap":{},"s":{"0":1},"f":{},"b":{}}
,"/Users/lee/Projects/v-element/packages/components/Collapse/transitionEvents.ts": {"path":"/Users/lee/Projects/v-element/packages/components/Collapse/transitionEvents.ts","statementMap":{"0":{"start":{"line":1,"column":23},"end":{"line":1,"column":null}},"1":{"start":{"line":1,"column":45},"end":{"line":1,"column":null}},"2":{"start":{"line":2,"column":25},"end":{"line":2,"column":null}},"3":{"start":{"line":2,"column":47},"end":{"line":2,"column":null}},"4":{"start":{"line":3,"column":24},"end":{"line":3,"column":null}},"5":{"start":{"line":3,"column":46},"end":{"line":3,"column":null}},"6":{"start":{"line":4,"column":27},"end":{"line":4,"column":null}},"7":{"start":{"line":4,"column":49},"end":{"line":4,"column":null}},"8":{"start":{"line":5,"column":26},"end":{"line":5,"column":null}},"9":{"start":{"line":5,"column":48},"end":{"line":5,"column":null}},"10":{"start":{"line":7,"column":68},"end":{"line":26,"column":null}},"11":{"start":{"line":9,"column":8},"end":{"line":9,"column":null}},"12":{"start":{"line":10,"column":8},"end":{"line":10,"column":null}},"13":{"start":{"line":12,"column":19},"end":{"line":12,"column":null}},"14":{"start":{"line":14,"column":8},"end":{"line":14,"column":null}},"15":{"start":{"line":15,"column":8},"end":{"line":15,"column":null}},"16":{"start":{"line":18,"column":8},"end":{"line":18,"column":null}},"17":{"start":{"line":19,"column":8},"end":{"line":19,"column":null}},"18":{"start":{"line":21,"column":19},"end":{"line":21,"column":null}},"19":{"start":{"line":23,"column":8},"end":{"line":23,"column":null}},"20":{"start":{"line":24,"column":8},"end":{"line":24,"column":null}}},"fnMap":{"0":{"name":"(anonymous_0)","decl":{"start":{"line":1,"column":23},"end":{"line":1,"column":24}},"loc":{"start":{"line":1,"column":45},"end":{"line":1,"column":null}}},"1":{"name":"(anonymous_1)","decl":{"start":{"line":2,"column":25},"end":{"line":2,"column":26}},"loc":{"start":{"line":2,"column":47},"end":{"line":2,"column":null}}},"2":{"name":"(anonymous_2)","decl":{"start":{"line":3,"column":24},"end":{"line":3,"column":25}},"loc":{"start":{"line":3,"column":46},"end":{"line":3,"column":null}}},"3":{"name":"(anonymous_3)","decl":{"start":{"line":4,"column":27},"end":{"line":4,"column":28}},"loc":{"start":{"line":4,"column":49},"end":{"line":4,"column":null}}},"4":{"name":"(anonymous_4)","decl":{"start":{"line":5,"column":26},"end":{"line":5,"column":27}},"loc":{"start":{"line":5,"column":48},"end":{"line":5,"column":null}}},"5":{"name":"(anonymous_5)","decl":{"start":{"line":8,"column":4},"end":{"line":8,"column":16}},"loc":{"start":{"line":8,"column":20},"end":{"line":11,"column":null}}},"6":{"name":"(anonymous_6)","decl":{"start":{"line":12,"column":11},"end":{"line":12,"column":12}},"loc":{"start":{"line":12,"column":19},"end":{"line":12,"column":null}}},"7":{"name":"(anonymous_7)","decl":{"start":{"line":13,"column":4},"end":{"line":13,"column":15}},"loc":{"start":{"line":13,"column":19},"end":{"line":16,"column":null}}},"8":{"name":"(anonymous_8)","decl":{"start":{"line":17,"column":4},"end":{"line":17,"column":16}},"loc":{"start":{"line":17,"column":20},"end":{"line":20,"column":null}}},"9":{"name":"(anonymous_9)","decl":{"start":{"line":21,"column":11},"end":{"line":21,"column":12}},"loc":{"start":{"line":21,"column":19},"end":{"line":21,"column":null}}},"10":{"name":"(anonymous_10)","decl":{"start":{"line":22,"column":4},"end":{"line":22,"column":15}},"loc":{"start":{"line":22,"column":19},"end":{"line":25,"column":null}}}},"branchMap":{},"s":{"0":1,"1":2,"2":1,"3":2,"4":1,"5":2,"6":1,"7":2,"8":1,"9":2,"10":1,"11":1,"12":1,"13":1,"14":1,"15":1,"16":1,"17":1,"18":1,"19":1,"20":1},"f":{"0":2,"1":2,"2":2,"3":2,"4":2,"5":1,"6":1,"7":1,"8":1,"9":1,"10":1},"b":{}}
,"/Users/lee/Projects/v-element/packages/components/Icon/Icon.vue": {"path":"/Users/lee/Projects/v-element/packages/components/Icon/Icon.vue","statementMap":{"0":{"start":{"line":29,"column":14},"end":{"line":29,"column":null}},"1":{"start":{"line":31,"column":20},"end":{"line":31,"column":null}},"2":{"start":{"line":31,"column":35},"end":{"line":31,"column":64}},"3":{"start":{"line":32,"column":20},"end":{"line":32,"column":null}},"4":{"start":{"line":32,"column":36},"end":{"line":32,"column":72}}},"fnMap":{"0":{"name":"(anonymous_1)","decl":{"start":{"line":31,"column":29},"end":{"line":31,"column":35}},"loc":{"start":{"line":31,"column":35},"end":{"line":31,"column":64}}},"1":{"name":"(anonymous_2)","decl":{"start":{"line":32,"column":29},"end":{"line":32,"column":36}},"loc":{"start":{"line":32,"column":36},"end":{"line":32,"column":72}}}},"branchMap":{"0":{"loc":{"start":{"line":32,"column":45},"end":{"line":32,"column":70}},"type":"binary-expr","locations":[{"start":{"line":32,"column":45},"end":{"line":32,"column":60}},{"start":{"line":32,"column":60},"end":{"line":32,"column":70}}]}},"s":{"0":32,"1":32,"2":32,"3":32,"4":32},"f":{"0":32,"1":32},"b":{"0":[32,32]}}
}
